2023-06-14 14:32:33,651 INFO B.r.P.Cliente [main] Servidor iniciado, esperando conexion...
2023-06-14 14:34:55,867 INFO B.r.P.Cliente [main] Cliente conectdo.
2023-06-14 15:01:44,761 INFO B.r.P.Cliente [main] Servidor iniciado, esperando conexion...
2023-06-14 15:03:05,225 INFO B.r.P.Cliente [main] Servidor iniciado, esperando conexion...
2023-06-14 15:03:17,552 INFO B.r.P.Cliente [main] Cliente conectdo.
2023-06-14 15:03:17,559 INFO B.r.P.Cliente [main] Conexion establecida. 
2023-06-14 15:03:17,630 INFO B.r.P.Cliente [main] Mensaje recivido: [[I@93081b6
2023-06-14 16:02:32,367 INFO B.r.P.Cliente [main] Servidor iniciado, esperando conexion...
2023-06-14 16:02:44,966 INFO B.r.P.Cliente [main] Cliente conectdo.
2023-06-14 16:02:44,976 INFO B.r.P.Cliente [main] Conexion establecida. 
2023-06-14 16:02:45,054 INFO B.r.P.Cliente [main] Mensaje recivido: [[I@cd1e646
2023-06-14 16:02:45,071 INFO B.r.P.Cliente [main] Respuesta del servidor: Respuesta del servidor
2023-06-14 16:36:01,552 INFO B.r.P.Cliente [main] Servidor iniciado, esperando conexion...
2023-06-14 16:37:47,476 INFO B.r.P.Cliente [main] Servidor iniciado, esperando conexion...
2023-06-14 16:38:01,913 INFO B.r.P.Cliente [main] Servidor iniciado, esperando conexion...
2023-06-14 16:38:45,168 INFO B.r.P.Cliente [main] Servidor iniciado, esperando conexion...
2023-06-14 16:39:13,317 INFO B.r.P.Cliente [main] Servidor iniciado, esperando conexion...
2023-06-14 16:39:36,345 INFO B.r.P.Cliente [main] Servidor iniciado, esperando conexion...
2023-06-14 16:43:07,151 INFO B.r.P.Cliente [main] Servidor iniciado, esperando conexion...
2023-06-14 16:44:18,885 INFO B.r.P.Cliente [main] Servidor iniciado, esperando conexion...
2023-06-14 16:53:04,070 INFO B.r.P.Cliente [main] Servidor iniciado, esperando conexion...
2023-06-14 16:58:03,309 INFO B.r.P.Cliente [main] Servidor iniciado, esperando conexion...
2023-06-14 17:04:06,122 INFO B.r.P.Cliente [main] Servidor iniciado, esperando conexion...
2023-06-14 17:06:21,149 INFO B.r.P.Cliente [main] Servidor iniciado, esperando conexion...
2023-06-14 17:07:15,056 INFO B.r.P.Cliente [main] Servidor iniciado, esperando conexion...
2023-06-14 17:51:33,317 INFO B.r.P.Cliente [main] Servidor iniciado, esperando conexion...
2023-06-14 17:51:46,916 INFO B.r.P.Cliente [main] Cliente conectdo.
2023-06-14 17:51:46,921 INFO B.r.P.Cliente [main] Conexion establecida. 
2023-06-14 17:51:46,968 INFO B.r.P.Cliente [main] Mensaje recivido: [[I@7ba8c737
2023-06-14 17:51:46,977 INFO B.r.P.Cliente [main] Respuesta del servidor: Respuesta del servidor
2023-06-14 18:05:05,534 WARN B.r.P.Cliente [main] soket desconectado
2023-06-14 18:05:47,613 WARN B.r.P.Cliente [main] soket desconectado
2023-06-14 18:07:00,238 WARN B.r.P.Cliente [main] soket desconectado
2023-06-14 18:09:28,064 WARN B.r.P.Cliente [main] soket desconectado
2023-06-14 18:12:17,403 INFO B.r.P.Cliente [main] Servidor iniciado, esperando conexion...
2023-06-14 18:12:29,781 INFO B.r.P.Cliente [main] Cliente conectdo.
2023-06-14 18:12:29,787 INFO B.r.P.Cliente [main] Conexion establecida. 
2023-06-14 18:12:29,831 INFO B.r.P.Cliente [main] Mensaje recivido: [[I@7ba8c737
2023-06-14 18:12:29,843 INFO B.r.P.Cliente [main] Respuesta del servidor: Respuesta del servidor
2023-06-14 18:45:09,725 INFO B.r.P.Cliente [main] Servidor iniciado, esperando conexion...
2023-06-14 18:45:38,778 INFO B.r.P.Cliente [main] Cliente conectdo.
2023-06-14 18:45:38,786 INFO B.r.P.Cliente [main] Conexion establecida. 
2023-06-14 18:45:38,852 INFO B.r.P.Cliente [main] Mensaje recivido: [[I@24c22fe
2023-06-14 18:45:38,860 INFO B.r.P.Cliente [main] Respuesta del servidor: Respuesta del servidor
2023-06-14 18:47:05,242 INFO B.r.P.Cliente [main] Servidor iniciado, esperando conexion...
