2023-07-01 00:43:27,493 INFO C.Persona [main] se creo la persona
2023-07-01 00:43:27,499 INFO C.Persona [main] se creo la persona
2023-07-01 00:44:00,922 INFO C.Persona [AWT-EventQueue-0] Pepe ha recibido este mensaje: hola

2023-07-01 00:44:00,922 INFO C.Persona [AWT-EventQueue-0] Pepe ha recibido este mensaje: hola

2023-07-01 00:44:00,922 INFO C.Persona [AWT-EventQueue-0] tito ha recibido este mensaje: hola

2023-07-01 00:44:00,922 INFO C.Persona [AWT-EventQueue-0] tito ha recibido este mensaje: hola

2023-07-01 00:57:26,731 INFO C.Persona [main] se creo la persona
2023-07-01 00:57:26,738 INFO C.Persona [main] se creo la persona
2023-07-01 00:58:03,348 INFO C.Persona [AWT-EventQueue-0] tito ha recibido este mensaje: hola 

2023-07-01 00:58:03,360 INFO C.Persona [AWT-EventQueue-0] Pepe ha recibido este mensaje: hola 

2023-07-01 00:58:03,366 INFO C.Persona [AWT-EventQueue-0] Pepe ha recibido este mensaje: hola 

2023-07-01 00:58:03,367 INFO C.Persona [AWT-EventQueue-0] tito ha recibido este mensaje: hola 

2023-07-01 00:58:03,367 INFO C.Persona [AWT-EventQueue-0] tito ha recibido este mensaje: hola 

2023-07-01 00:58:31,244 INFO C.Persona [main] se creo la persona
2023-07-01 00:58:31,248 INFO C.Persona [main] se creo la persona
2023-07-01 00:58:39,659 INFO C.Persona [AWT-EventQueue-0] tito ha recibido este mensaje: hola

2023-07-01 00:58:39,665 INFO C.Persona [AWT-EventQueue-0] Pepe ha recibido este mensaje: hola

2023-07-01 00:58:39,665 INFO C.Persona [AWT-EventQueue-0] Pepe ha recibido este mensaje: hola

2023-07-01 00:58:39,665 INFO C.Persona [AWT-EventQueue-0] tito ha recibido este mensaje: hola

2023-07-01 00:58:39,665 INFO C.Persona [AWT-EventQueue-0] tito ha recibido este mensaje: hola

2023-07-01 01:02:41,114 INFO C.Persona [main] se creo la persona
2023-07-01 01:02:41,115 INFO C.Persona [main] se creo la persona
2023-07-01 01:03:16,158 INFO C.Persona [main] se creo la persona
2023-07-01 01:03:16,166 INFO C.Persona [main] se creo la persona
2023-07-01 01:03:23,496 INFO C.Persona [AWT-EventQueue-0] tito ha recibido este mensaje: hola

2023-07-01 01:03:23,496 INFO C.Persona [AWT-EventQueue-0] Pepe ha recibido este mensaje: hola

2023-07-01 01:03:23,496 INFO C.Persona [AWT-EventQueue-0] Pepe ha recibido este mensaje: hola

2023-07-01 01:03:23,496 INFO C.Persona [AWT-EventQueue-0] tito ha recibido este mensaje: hola

2023-07-01 01:03:23,496 INFO C.Persona [AWT-EventQueue-0] tito ha recibido este mensaje: hola

2023-07-01 01:04:08,111 INFO C.Persona [main] se creo la persona
2023-07-01 01:04:08,121 INFO C.Persona [main] se creo la persona
2023-07-01 01:04:16,466 INFO C.Persona [AWT-EventQueue-0] Pepe ha recibido este mensaje: hoal

2023-07-01 01:04:16,466 INFO C.Persona [AWT-EventQueue-0] Pepe ha recibido este mensaje: hoal

2023-07-01 01:04:16,472 INFO C.Persona [AWT-EventQueue-0] tito ha recibido este mensaje: hoal

2023-07-01 01:04:16,473 INFO C.Persona [AWT-EventQueue-0] tito ha recibido este mensaje: hoal

2023-07-01 01:04:31,049 INFO C.Persona [AWT-EventQueue-0] Pepe ha recibido este mensaje: como estas 

2023-07-01 01:04:31,049 INFO C.Persona [AWT-EventQueue-0] Pepe ha recibido este mensaje: como estas 

2023-07-01 01:04:31,049 INFO C.Persona [AWT-EventQueue-0] tito ha recibido este mensaje: como estas 

2023-07-01 01:04:31,049 INFO C.Persona [AWT-EventQueue-0] tito ha recibido este mensaje: como estas 

2023-07-01 01:18:19,157 INFO C.Persona [main] se creo la persona
2023-07-01 01:18:19,160 INFO C.Persona [main] se creo la persona
2023-07-01 01:18:31,018 INFO C.Persona [AWT-EventQueue-0] tito ha recibido este mensaje: hola

2023-07-01 01:18:31,019 INFO C.Persona [AWT-EventQueue-0] tito ha recibido este mensaje: hola

2023-07-01 01:18:31,019 INFO C.Persona [AWT-EventQueue-0] Pepe ha recibido este mensaje: hola

2023-07-01 01:18:31,019 INFO C.Persona [AWT-EventQueue-0] Pepe ha recibido este mensaje: hola

2023-07-01 01:18:49,299 INFO C.Persona [AWT-EventQueue-0] tito ha recibido este mensaje: como estas princesa 

2023-07-01 01:18:49,300 INFO C.Persona [AWT-EventQueue-0] tito ha recibido este mensaje: como estas princesa 

2023-07-01 01:18:49,300 INFO C.Persona [AWT-EventQueue-0] Pepe ha recibido este mensaje: como estas princesa 

2023-07-01 01:18:49,300 INFO C.Persona [AWT-EventQueue-0] Pepe ha recibido este mensaje: como estas princesa 

2023-07-01 01:21:12,582 INFO C.Persona [main] se creo la persona
2023-07-01 01:21:12,584 INFO C.Persona [main] se creo la persona
2023-07-01 01:21:22,838 INFO C.Persona [AWT-EventQueue-0] Pepe ha recibido este mensaje: HOLA

2023-07-01 01:21:22,839 INFO C.Persona [AWT-EventQueue-0] Pepe ha recibido este mensaje: HOLA

2023-07-01 01:21:22,839 INFO C.Persona [AWT-EventQueue-0] tito ha recibido este mensaje: HOLA

2023-07-01 01:21:22,839 INFO C.Persona [AWT-EventQueue-0] tito ha recibido este mensaje: HOLA

2023-07-01 01:22:40,701 INFO C.Persona [main] se creo la persona
2023-07-01 01:22:40,703 INFO C.Persona [main] se creo la persona
2023-07-01 01:22:51,111 INFO C.Persona [AWT-EventQueue-0] Pepe ha recibido este mensaje: hila

2023-07-01 01:22:51,111 INFO C.Persona [AWT-EventQueue-0] Pepe ha recibido este mensaje: hila

2023-07-01 01:22:51,112 INFO C.Persona [AWT-EventQueue-0] tito ha recibido este mensaje: hila

2023-07-01 01:22:51,112 INFO C.Persona [AWT-EventQueue-0] tito ha recibido este mensaje: hila

2023-07-01 01:23:00,118 INFO C.Persona [AWT-EventQueue-0] Pepe ha recibido este mensaje: como estas 

2023-07-01 01:23:00,119 INFO C.Persona [AWT-EventQueue-0] Pepe ha recibido este mensaje: como estas 

2023-07-01 01:23:00,119 INFO C.Persona [AWT-EventQueue-0] tito ha recibido este mensaje: como estas 

2023-07-01 01:23:00,119 INFO C.Persona [AWT-EventQueue-0] tito ha recibido este mensaje: como estas 

2023-07-01 01:33:08,790 INFO C.Persona [main] se creo la persona
2023-07-01 01:33:08,792 INFO C.Persona [main] se creo la persona
2023-07-01 01:33:16,318 INFO C.Persona [AWT-EventQueue-0] Pepe ha recibido este mensaje: hola

2023-07-01 01:33:16,319 INFO C.Persona [AWT-EventQueue-0] Pepe ha recibido este mensaje: hola

2023-07-01 01:33:16,319 INFO C.Persona [AWT-EventQueue-0] tito ha recibido este mensaje: hola

2023-07-01 01:33:16,319 INFO C.Persona [AWT-EventQueue-0] tito ha recibido este mensaje: hola

2023-07-01 01:35:44,614 INFO C.Persona [main] se creo la persona
2023-07-01 01:35:44,617 INFO C.Persona [main] se creo la persona
2023-07-01 01:35:52,005 INFO C.Persona [AWT-EventQueue-0] Pepe ha recibido este mensaje: hola

2023-07-01 01:35:52,005 INFO C.Persona [AWT-EventQueue-0] Pepe ha recibido este mensaje: hola

2023-07-01 01:35:52,005 INFO C.Persona [AWT-EventQueue-0] tito ha recibido este mensaje: hola

2023-07-01 01:35:52,006 INFO C.Persona [AWT-EventQueue-0] tito ha recibido este mensaje: hola

2023-07-01 01:36:05,445 INFO C.Persona [AWT-EventQueue-0] Pepe ha recibido este mensaje: como estas 

2023-07-01 01:36:05,445 INFO C.Persona [AWT-EventQueue-0] Pepe ha recibido este mensaje: como estas 

2023-07-01 01:36:05,445 INFO C.Persona [AWT-EventQueue-0] tito ha recibido este mensaje: como estas 

2023-07-01 01:36:05,446 INFO C.Persona [AWT-EventQueue-0] tito ha recibido este mensaje: como estas 

2023-07-01 01:36:24,000 INFO C.Persona [AWT-EventQueue-0] Pepe ha recibido este mensaje: hace tiempo no se de ti 

2023-07-01 01:36:24,000 INFO C.Persona [AWT-EventQueue-0] Pepe ha recibido este mensaje: hace tiempo no se de ti 

2023-07-01 01:36:24,000 INFO C.Persona [AWT-EventQueue-0] tito ha recibido este mensaje: hace tiempo no se de ti 

2023-07-01 01:36:24,001 INFO C.Persona [AWT-EventQueue-0] tito ha recibido este mensaje: hace tiempo no se de ti 

2023-07-01 01:46:02,589 INFO C.Persona [main] se creo la persona
2023-07-01 01:46:02,591 INFO C.Persona [main] se creo la persona
2023-07-01 01:46:14,132 INFO C.Persona [AWT-EventQueue-0] Pepe ha recibido este mensaje: hola

2023-07-01 01:46:14,133 INFO C.Persona [AWT-EventQueue-0] Pepe ha recibido este mensaje: hola

2023-07-01 01:46:14,133 INFO C.Persona [AWT-EventQueue-0] tito ha recibido este mensaje: hola

2023-07-01 01:46:14,133 INFO C.Persona [AWT-EventQueue-0] tito ha recibido este mensaje: hola

2023-07-01 01:46:14,134 INFO C.Persona [AWT-EventQueue-0] Pepe ha recibido este mensaje: hola

2023-07-01 01:46:57,269 INFO C.Persona [main] se creo la persona
2023-07-01 01:46:57,272 INFO C.Persona [main] se creo la persona
2023-07-01 01:47:03,945 INFO C.Persona [AWT-EventQueue-0] tito ha recibido este mensaje: hola

2023-07-01 01:47:03,945 INFO C.Persona [AWT-EventQueue-0] Pepe ha recibido este mensaje: hola

2023-07-01 01:47:18,332 INFO C.Persona [AWT-EventQueue-0] tito ha recibido este mensaje: como estas 

2023-07-01 01:47:18,333 INFO C.Persona [AWT-EventQueue-0] Pepe ha recibido este mensaje: como estas 

2023-07-01 01:47:36,883 INFO C.Persona [AWT-EventQueue-0] Pepe ha recibido este mensaje: hola

2023-07-01 01:47:36,884 INFO C.Persona [AWT-EventQueue-0] tito ha recibido este mensaje: hola

2023-07-01 02:12:50,957 INFO C.Persona [main] se creo la persona
2023-07-01 02:12:50,962 INFO C.Persona [main] se creo la persona
2023-07-01 02:15:44,185 INFO C.Persona [main] se creo la persona
2023-07-01 02:15:44,187 INFO C.Persona [main] se creo la persona
2023-07-01 02:15:51,855 INFO C.Persona [AWT-EventQueue-0] tito ha recibido este mensaje: hola

2023-07-01 02:15:51,856 INFO C.Persona [AWT-EventQueue-0] Pepe ha recibido este mensaje: tito ah enviado el siguiente mensaje : hola

2023-07-01 02:20:52,916 INFO C.Persona [main] se creo la persona
2023-07-01 02:20:52,924 INFO C.Persona [main] se creo la persona
2023-07-01 02:22:15,963 INFO C.Persona [main] se creo la persona
2023-07-01 02:22:15,971 INFO C.Persona [main] se creo la persona
2023-07-01 02:22:23,814 INFO C.Persona [AWT-EventQueue-0] Pepe ha recibido este mensaje: tito : hola

2023-07-01 02:24:23,273 INFO C.Persona [main] se creo la persona
2023-07-01 02:24:23,281 INFO C.Persona [main] se creo la persona
2023-07-01 02:24:53,194 INFO C.Persona [main] se creo la persona
2023-07-01 02:24:53,194 INFO C.Persona [main] se creo la persona
2023-07-01 02:25:12,377 INFO C.Persona [main] se creo la persona
2023-07-01 02:25:12,385 INFO C.Persona [main] se creo la persona
2023-07-01 02:25:32,037 INFO C.Persona [main] se creo la persona
2023-07-01 02:25:32,039 INFO C.Persona [main] se creo la persona
2023-07-01 02:25:47,817 INFO C.Persona [AWT-EventQueue-0] Pepe ha recibido este mensaje: tito : hola como estas rey 

2023-07-01 02:27:54,076 INFO C.Persona [main] se creo la persona
2023-07-01 02:27:54,076 INFO C.Persona [main] se creo la persona
2023-07-01 02:28:00,571 INFO C.Persona [AWT-EventQueue-0] tito ha recibido este mensaje: hola 

2023-07-01 02:28:51,040 INFO C.Persona [main] se creo la persona
2023-07-01 02:28:51,040 INFO C.Persona [main] se creo la persona
2023-07-01 02:29:02,327 INFO C.Persona [AWT-EventQueue-0] tito ha recibido este mensaje: tito : hola 

2023-07-01 02:29:16,422 INFO C.Persona [AWT-EventQueue-0] Pepe ha recibido este mensaje: Pepe : hola 

2023-07-01 02:34:57,738 INFO C.Persona [main] se creo la persona
2023-07-01 02:34:57,746 INFO C.Persona [main] se creo la persona
2023-07-01 02:36:02,728 INFO C.Persona [main] se creo la persona
2023-07-01 02:36:02,728 INFO C.Persona [main] se creo la persona
2023-07-01 02:36:11,587 INFO C.Persona [AWT-EventQueue-0] tito ha recibido este mensaje: tito : holaajnwkdjcbiefviefbve

2023-07-01 02:36:11,587 INFO C.Persona [AWT-EventQueue-0] Pepe ha recibido este mensaje: tito : holaajnwkdjcbiefviefbve

2023-07-01 02:41:55,809 INFO C.Persona [main] se creo la persona
2023-07-01 02:41:55,809 INFO C.Persona [main] se creo la persona
2023-07-01 02:42:07,717 INFO C.Persona [AWT-EventQueue-0] tito ha recibido este mensaje: tito : hola

2023-07-01 02:42:07,717 INFO C.Persona [AWT-EventQueue-0] Pepe ha recibido este mensaje: hola

2023-07-01 02:42:07,725 INFO C.Persona [AWT-EventQueue-0] Pepe ha recibido este mensaje: hola

2023-07-01 02:42:07,725 INFO C.Persona [AWT-EventQueue-0] tito ha recibido este mensaje: hola

2023-07-01 02:42:53,717 INFO C.Persona [main] se creo la persona
2023-07-01 02:42:53,717 INFO C.Persona [main] se creo la persona
2023-07-01 02:43:07,875 INFO C.Persona [AWT-EventQueue-0] tito ha recibido este mensaje: tito : hola

2023-07-01 02:43:07,875 INFO C.Persona [AWT-EventQueue-0] Pepe ha recibido este mensaje: hola

2023-07-01 02:43:07,875 INFO C.Persona [AWT-EventQueue-0] Pepe ha recibido este mensaje: hola

2023-07-01 02:43:07,883 INFO C.Persona [AWT-EventQueue-0] tito ha recibido este mensaje: hola

2023-07-01 02:43:07,883 INFO C.Persona [AWT-EventQueue-0] tito ha recibido este mensaje: hola

2023-07-01 02:43:07,883 INFO C.Persona [AWT-EventQueue-0] tito ha recibido este mensaje: hola

2023-07-01 02:43:07,883 INFO C.Persona [AWT-EventQueue-0] Pepe ha recibido este mensaje: hola

2023-07-01 02:44:06,260 INFO C.Persona [main] se creo la persona
2023-07-01 02:44:06,268 INFO C.Persona [main] se creo la persona
2023-07-01 02:44:12,666 INFO C.Persona [AWT-EventQueue-0] tito ha recibido este mensaje: tito : hiooa

2023-07-01 02:44:12,666 INFO C.Persona [AWT-EventQueue-0] Pepe ha recibido este mensaje: hiooa

2023-07-01 02:44:12,666 INFO C.Persona [AWT-EventQueue-0] Pepe ha recibido este mensaje: hiooa

2023-07-01 02:44:12,666 INFO C.Persona [AWT-EventQueue-0] tito ha recibido este mensaje: hiooa

2023-07-01 02:44:12,666 INFO C.Persona [AWT-EventQueue-0] Pepe ha recibido este mensaje: hiooa

2023-07-01 02:46:08,560 INFO C.Persona [main] se creo la persona
2023-07-01 02:46:08,560 INFO C.Persona [main] se creo la persona
2023-07-01 02:46:20,567 INFO C.Persona [AWT-EventQueue-0] tito ha recibido este mensaje: hola

2023-07-01 02:46:20,567 INFO C.Persona [AWT-EventQueue-0] tito ha recibido este mensaje: hola

2023-07-01 02:46:20,567 INFO C.Persona [AWT-EventQueue-0] Pepe ha recibido este mensaje: hola

2023-07-01 02:46:52,357 INFO C.Persona [main] se creo la persona
2023-07-01 02:46:52,365 INFO C.Persona [main] se creo la persona
2023-07-01 02:47:27,029 INFO C.Persona [main] se creo la persona
2023-07-01 02:47:27,037 INFO C.Persona [main] se creo la persona
2023-07-01 02:47:33,653 INFO C.Persona [AWT-EventQueue-0] tito ha recibido este mensaje: tito : hola

2023-07-01 02:49:53,945 INFO C.Persona [main] se creo la persona
2023-07-01 02:49:53,953 INFO C.Persona [main] se creo la persona
2023-07-01 02:50:00,290 INFO C.Persona [AWT-EventQueue-0] Pepe ha recibido este mensaje: hola

2023-07-01 02:50:00,290 INFO C.Persona [AWT-EventQueue-0] Pepe ha recibido este mensaje: hola

2023-07-01 02:50:00,290 INFO C.Persona [AWT-EventQueue-0] tito ha recibido este mensaje: hola

2023-07-01 02:50:00,298 INFO C.Persona [AWT-EventQueue-0] tito ha recibido este mensaje: tito : hola

2023-07-01 02:58:49,837 INFO C.Persona [main] se creo la persona
2023-07-01 02:58:49,843 INFO C.Persona [main] se creo la persona
2023-07-01 03:00:11,894 INFO C.Persona [main] se creo la persona
2023-07-01 03:00:11,894 INFO C.Persona [main] se creo la persona
2023-07-01 03:00:18,914 INFO C.Persona [AWT-EventQueue-0] Pepe ha recibido este mensaje: hola

2023-07-01 03:01:02,324 INFO C.Persona [main] se creo la persona
2023-07-01 03:01:02,324 INFO C.Persona [main] se creo la persona
2023-07-01 03:01:12,117 INFO C.Persona [AWT-EventQueue-0] tito ha recibido este mensaje: hola

2023-07-01 03:02:04,148 INFO C.Persona [main] se creo la persona
2023-07-01 03:02:04,148 INFO C.Persona [main] se creo la persona
2023-07-01 03:02:09,797 INFO C.Persona [AWT-EventQueue-0] Pepe ha recibido este mensaje: hola

2023-07-01 03:03:01,152 INFO C.Persona [main] se creo la persona
2023-07-01 03:03:01,158 INFO C.Persona [main] se creo la persona
2023-07-01 03:03:10,738 INFO C.Persona [AWT-EventQueue-0] Pepe ha recibido este mensaje: hola 

2023-07-01 03:03:10,738 INFO C.Persona [AWT-EventQueue-0] Pepe ha recibido este mensaje: hola 

2023-07-01 03:04:40,584 INFO C.Persona [main] se creo la persona
2023-07-01 03:04:40,592 INFO C.Persona [main] se creo la persona
2023-07-01 03:04:51,808 INFO C.Persona [AWT-EventQueue-0] Pepe ha recibido este mensaje: gola 

2023-07-01 03:04:51,808 INFO C.Persona [AWT-EventQueue-0] Pepe ha recibido este mensaje: gola 

2023-07-01 03:05:03,760 INFO C.Persona [AWT-EventQueue-0] Pepe ha recibido este mensaje: 

2023-07-01 03:05:03,768 INFO C.Persona [AWT-EventQueue-0] Pepe ha recibido este mensaje: 

2023-07-01 03:05:09,246 INFO C.Persona [AWT-EventQueue-0] Pepe ha recibido este mensaje: 

2023-07-01 03:05:09,246 INFO C.Persona [AWT-EventQueue-0] Pepe ha recibido este mensaje: 

2023-07-01 03:05:10,655 INFO C.Persona [AWT-EventQueue-0] Pepe ha recibido este mensaje: 

2023-07-01 03:05:10,655 INFO C.Persona [AWT-EventQueue-0] Pepe ha recibido este mensaje: 

2023-07-01 03:05:47,383 INFO C.Persona [main] se creo la persona
2023-07-01 03:05:47,391 INFO C.Persona [main] se creo la persona
2023-07-01 03:05:55,919 INFO C.Persona [AWT-EventQueue-0] Pepe ha recibido este mensaje: hola

2023-07-01 03:05:55,919 INFO C.Persona [AWT-EventQueue-0] Pepe ha recibido este mensaje: hola

2023-07-01 03:06:10,498 INFO C.Persona [AWT-EventQueue-0] tito ha recibido este mensaje: 

2023-07-01 03:06:10,506 INFO C.Persona [AWT-EventQueue-0] tito ha recibido este mensaje: 

2023-07-01 03:07:51,531 INFO C.Persona [main] se creo la persona
2023-07-01 03:07:51,531 INFO C.Persona [main] se creo la persona
2023-07-01 03:08:00,457 INFO C.Persona [AWT-EventQueue-0] tito ha recibido este mensaje: hoola

2023-07-01 03:08:00,457 INFO C.Persona [AWT-EventQueue-0] tito ha recibido este mensaje: hoola

2023-07-01 03:08:09,413 INFO C.Persona [AWT-EventQueue-0] Pepe ha recibido este mensaje: como estas 

2023-07-01 03:08:09,420 INFO C.Persona [AWT-EventQueue-0] Pepe ha recibido este mensaje: como estas 

2023-07-01 03:10:00,813 INFO C.Persona [main] se creo la persona
2023-07-01 03:10:00,822 INFO C.Persona [main] se creo la persona
2023-07-01 03:10:10,148 INFO C.Persona [AWT-EventQueue-0] tito ha recibido este mensaje: hols                                       

2023-07-01 03:10:10,148 INFO C.Persona [AWT-EventQueue-0] tito ha recibido este mensaje: hols                                       

2023-07-01 03:10:23,659 INFO C.Persona [AWT-EventQueue-0] Pepe ha recibido este mensaje: com estas                                        

2023-07-01 03:10:23,667 INFO C.Persona [AWT-EventQueue-0] Pepe ha recibido este mensaje: com estas                                        

2023-07-01 03:16:10,625 INFO C.Persona [main] se creo la persona
2023-07-01 03:16:10,633 INFO C.Persona [main] se creo la persona
2023-07-01 03:16:23,249 INFO C.Persona [AWT-EventQueue-0] Pepe ha recibido este mensaje: tito : hola                                                                                                                                                                  

2023-07-01 03:16:23,249 INFO C.Persona [AWT-EventQueue-0] Pepe ha recibido este mensaje: tito : hola                                                                                                                                                                     

2023-07-01 03:17:38,629 INFO C.Persona [main] se creo la persona
2023-07-01 03:17:38,637 INFO C.Persona [main] se creo la persona
2023-07-01 03:17:45,179 INFO C.Persona [AWT-EventQueue-0] Pepe ha recibido este mensaje: tito : hols                                                                                                                             

2023-07-01 03:17:45,179 INFO C.Persona [AWT-EventQueue-0] Pepe ha recibido este mensaje: tito : hols                                                                                                                             

2023-07-01 03:18:00,313 INFO C.Persona [AWT-EventQueue-0] tito ha recibido este mensaje: Pepe : com estas                                                                                                                            

2023-07-01 03:18:00,321 INFO C.Persona [AWT-EventQueue-0] tito ha recibido este mensaje: Pepe : com estas                                                                                                                            

2023-07-01 03:18:54,687 INFO C.Persona [main] se creo la persona
2023-07-01 03:18:54,695 INFO C.Persona [main] se creo la persona
2023-07-01 03:19:02,669 INFO C.Persona [AWT-EventQueue-0] Pepe ha recibido este mensaje: tito : hola com estas                                                                                                                

2023-07-01 03:19:02,669 INFO C.Persona [AWT-EventQueue-0] Pepe ha recibido este mensaje: tito : hola com estas                                                                                                                

2023-07-01 03:19:18,015 INFO C.Persona [AWT-EventQueue-0] tito ha recibido este mensaje: Pepe : muy bien y usteedsx                                                                                                                

2023-07-01 03:19:18,019 INFO C.Persona [AWT-EventQueue-0] tito ha recibido este mensaje: Pepe : muy bien y usteedsx                                                                                                                

2023-07-01 03:20:15,121 INFO C.Persona [main] se creo la persona
2023-07-01 03:20:15,129 INFO C.Persona [main] se creo la persona
2023-07-01 03:20:27,958 INFO C.Persona [AWT-EventQueue-0] Pepe ha recibido este mensaje: tito : hols                                                                                           

2023-07-01 03:20:27,958 INFO C.Persona [AWT-EventQueue-0] Pepe ha recibido este mensaje: tito : hols                                                                                           

2023-07-01 03:20:35,814 INFO C.Persona [AWT-EventQueue-0] tito ha recibido este mensaje: Pepe : bien y ustededs                                                                                           

2023-07-01 03:20:35,822 INFO C.Persona [AWT-EventQueue-0] tito ha recibido este mensaje: Pepe : bien y ustededs                                                                                           

2023-07-01 03:21:03,307 INFO C.Persona [AWT-EventQueue-0] Pepe ha recibido este mensaje: tito : que buenomuchchos me alehgra mucho el corazonñsvekngvjin                                                                                          

2023-07-01 03:21:03,314 INFO C.Persona [AWT-EventQueue-0] Pepe ha recibido este mensaje: tito : que buenomuchchos me alehgra mucho el corazonñsvekngvjin                                                                                          

2023-07-01 03:21:51,085 INFO C.Persona [main] se creo la persona
2023-07-01 03:21:51,085 INFO C.Persona [main] se creo la persona
2023-07-01 03:22:01,215 INFO C.Persona [AWT-EventQueue-0] Pepe ha recibido este mensaje: tito : hola com estan muchacjho                                                                                    

2023-07-01 03:22:01,215 INFO C.Persona [AWT-EventQueue-0] Pepe ha recibido este mensaje: tito : hola com estan muchacjho                                                                                    

2023-07-01 03:22:13,484 INFO C.Persona [AWT-EventQueue-0] tito ha recibido este mensaje: Pepe : bien chioscod                                                                                    

2023-07-01 03:22:13,484 INFO C.Persona [AWT-EventQueue-0] tito ha recibido este mensaje: Pepe : bien chioscod                                                                                    

2023-07-01 03:22:33,704 INFO C.Persona [AWT-EventQueue-0] Pepe ha recibido este mensaje: tito : que buenomuchachoa me alegra mucho el corazon                                                                                    

2023-07-01 03:22:33,704 INFO C.Persona [AWT-EventQueue-0] Pepe ha recibido este mensaje: tito : que buenomuchachoa me alegra mucho el corazon                                                                                    

2023-07-01 03:23:09,767 INFO C.Persona [main] se creo la persona
2023-07-01 03:23:09,775 INFO C.Persona [main] se creo la persona
2023-07-01 03:23:16,960 INFO C.Persona [AWT-EventQueue-0] Pepe ha recibido este mensaje: tito : hol                                                                               

2023-07-01 03:23:16,960 INFO C.Persona [AWT-EventQueue-0] Pepe ha recibido este mensaje: tito : hol                                                                               

2023-07-01 03:23:28,612 INFO C.Persona [AWT-EventQueue-0] tito ha recibido este mensaje: Pepe : como estan                                                                              

2023-07-01 03:23:28,612 INFO C.Persona [AWT-EventQueue-0] tito ha recibido este mensaje: Pepe : como estan                                                                              

2023-07-01 03:23:35,843 INFO C.Persona [AWT-EventQueue-0] Pepe ha recibido este mensaje: tito : muy bienn                                                                              

2023-07-01 03:23:35,843 INFO C.Persona [AWT-EventQueue-0] Pepe ha recibido este mensaje: tito : muy bienn                                                                              

2023-07-01 03:39:10,591 INFO C.Persona [main] se creo la persona
2023-07-01 03:39:10,591 INFO C.Persona [main] se creo la persona
2023-07-01 03:39:10,591 INFO C.Persona [main] se creo la persona
2023-07-01 03:39:10,591 INFO C.Persona [main] se creo la persona
2023-07-01 03:39:10,591 INFO C.Persona [main] se creo la persona
2023-07-01 03:39:21,591 INFO C.Persona [AWT-EventQueue-0] tito ha recibido este mensaje: Pepe : hola                                                                    

2023-07-01 03:39:21,591 INFO C.Persona [AWT-EventQueue-0] tito ha recibido este mensaje: Pepe : hola                                                                    

2023-07-01 03:39:35,377 INFO C.Persona [AWT-EventQueue-0] Pepe ha recibido este mensaje: tito : hola hija                                                                      

2023-07-01 03:39:35,377 INFO C.Persona [AWT-EventQueue-0] Pepe ha recibido este mensaje: tito : hola hija                                                                      

2023-07-01 04:17:36,138 INFO C.Persona [main] se creo la persona
2023-07-01 04:17:36,146 INFO C.Persona [main] se creo la persona
2023-07-01 04:17:36,146 INFO C.Persona [main] se creo la persona
2023-07-01 04:17:36,146 INFO C.Persona [main] se creo la persona
2023-07-01 04:18:03,361 INFO C.Persona [AWT-EventQueue-0] Pepe ha recibido este mensaje: maria : hola                                                                     

2023-07-01 04:18:03,361 INFO C.Persona [AWT-EventQueue-0] Pepe ha recibido este mensaje: maria : hola                                                                     

2023-07-01 04:18:03,361 INFO C.Persona [AWT-EventQueue-0] maria ha recibido este mensaje: maria : hola                                                                    

2023-07-01 04:18:03,361 INFO C.Persona [AWT-EventQueue-0] lucia  ha recibido este mensaje: maria : hola                                                                    

2023-07-01 04:18:16,527 INFO C.Persona [AWT-EventQueue-0] Pepe ha recibido este mensaje: tito : hola                                                                      

2023-07-01 04:18:16,527 INFO C.Persona [AWT-EventQueue-0] Pepe ha recibido este mensaje: tito : hola                                                                      

2023-07-01 04:18:24,674 INFO C.Persona [AWT-EventQueue-0] tito ha recibido este mensaje: Pepe : hola                                                                    

2023-07-01 04:18:24,674 INFO C.Persona [AWT-EventQueue-0] tito ha recibido este mensaje: Pepe : hola                                                                    

2023-07-01 04:18:24,682 INFO C.Persona [AWT-EventQueue-0] maria ha recibido este mensaje: Pepe : hola                                                                    

2023-07-01 04:18:24,682 INFO C.Persona [AWT-EventQueue-0] lucia  ha recibido este mensaje: Pepe : hola                                                                    

2023-07-01 04:19:40,241 INFO C.Persona [main] se creo la persona
2023-07-01 04:19:40,249 INFO C.Persona [main] se creo la persona
2023-07-01 04:19:40,249 INFO C.Persona [main] se creo la persona
2023-07-01 04:19:40,249 INFO C.Persona [main] se creo la persona
2023-07-01 04:20:05,198 INFO C.Persona [AWT-EventQueue-0] Pepe ha recibido este mensaje: maria : hoal                                                                     

2023-07-01 04:20:05,198 INFO C.Persona [AWT-EventQueue-0] Pepe ha recibido este mensaje: maria : hoal                                                                     

2023-07-01 04:20:05,198 INFO C.Persona [AWT-EventQueue-0] tito ha recibido este mensaje: maria : hoal                                                                    

2023-07-01 04:20:05,198 INFO C.Persona [AWT-EventQueue-0] lucia  ha recibido este mensaje: maria : hoal                                                                    

2023-07-01 04:20:09,398 INFO C.Persona [AWT-EventQueue-0] tito ha recibido este mensaje: Pepe : hola                                                                    

2023-07-01 04:20:09,398 INFO C.Persona [AWT-EventQueue-0] tito ha recibido este mensaje: Pepe : hola                                                                    

2023-07-01 04:20:09,401 INFO C.Persona [AWT-EventQueue-0] maria ha recibido este mensaje: Pepe : hola                                                                    

2023-07-01 04:20:09,401 INFO C.Persona [AWT-EventQueue-0] lucia  ha recibido este mensaje: Pepe : hola                                                                    

2023-07-01 04:20:14,300 INFO C.Persona [AWT-EventQueue-0] Pepe ha recibido este mensaje: tito : hola                                                                     

2023-07-01 04:20:14,308 INFO C.Persona [AWT-EventQueue-0] Pepe ha recibido este mensaje: tito : hola                                                                     

2023-07-01 04:20:14,308 INFO C.Persona [AWT-EventQueue-0] maria ha recibido este mensaje: tito : hola                                                                    

2023-07-01 04:20:14,313 INFO C.Persona [AWT-EventQueue-0] lucia  ha recibido este mensaje: tito : hola                                                                    

2023-07-01 04:22:41,193 INFO C.Persona [main] se creo la persona
2023-07-01 04:22:41,201 INFO C.Persona [main] se creo la persona
2023-07-01 04:22:41,201 INFO C.Persona [main] se creo la persona
2023-07-01 04:22:41,201 INFO C.Persona [main] se creo la persona
2023-07-01 04:23:14,897 INFO C.Persona [AWT-EventQueue-0] tito ha recibido este mensaje: Pepe : hola                                                                     

2023-07-01 04:23:14,897 INFO C.Persona [AWT-EventQueue-0] tito ha recibido este mensaje: Pepe : hola                                                                     

2023-07-01 04:23:14,897 INFO C.Persona [AWT-EventQueue-0] maria ha recibido este mensaje: Pepe : hola                                                                     

2023-07-01 04:23:19,556 INFO C.Persona [AWT-EventQueue-0] Pepe ha recibido este mensaje: maria : hola                                                                      

2023-07-01 04:23:19,556 INFO C.Persona [AWT-EventQueue-0] Pepe ha recibido este mensaje: maria : hola                                                                      

2023-07-01 04:23:19,556 INFO C.Persona [AWT-EventQueue-0] tito ha recibido este mensaje: maria : hola                                                                     

2023-07-01 04:23:23,439 INFO C.Persona [AWT-EventQueue-0] Pepe ha recibido este mensaje: tito : hola                                                                      

2023-07-01 04:23:23,439 INFO C.Persona [AWT-EventQueue-0] Pepe ha recibido este mensaje: tito : hola                                                                      

2023-07-01 04:23:23,439 INFO C.Persona [AWT-EventQueue-0] maria ha recibido este mensaje: tito : hola                                                                     

2023-07-01 04:24:30,195 INFO C.Persona [main] se creo la persona
2023-07-01 04:24:30,195 INFO C.Persona [main] se creo la persona
2023-07-01 04:24:30,195 INFO C.Persona [main] se creo la persona
2023-07-01 04:24:30,195 INFO C.Persona [main] se creo la persona
2023-07-01 04:24:57,175 INFO C.Persona [AWT-EventQueue-0] maria ha recibido este mensaje: maria : holz                                                                      

2023-07-01 04:24:57,175 INFO C.Persona [AWT-EventQueue-0] Pepe ha recibido este mensaje: maria : holz                                                                      

2023-07-01 04:24:57,175 INFO C.Persona [AWT-EventQueue-0] tito ha recibido este mensaje: maria : holz                                                                     

2023-07-01 04:25:02,627 INFO C.Persona [AWT-EventQueue-0] Pepe ha recibido este mensaje: tito : hola                                                                     

2023-07-01 04:25:02,627 INFO C.Persona [AWT-EventQueue-0] Pepe ha recibido este mensaje: tito : hola                                                                     

2023-07-01 04:25:02,635 INFO C.Persona [AWT-EventQueue-0] maria ha recibido este mensaje: tito : hola                                                                    

2023-07-01 04:25:07,919 INFO C.Persona [AWT-EventQueue-0] tito ha recibido este mensaje: Pepe : hola                                                                    

2023-07-01 04:25:07,927 INFO C.Persona [AWT-EventQueue-0] tito ha recibido este mensaje: Pepe : hola                                                                    

2023-07-01 04:25:07,927 INFO C.Persona [AWT-EventQueue-0] maria ha recibido este mensaje: Pepe : hola                                                                    

2023-07-01 04:26:12,883 INFO C.Persona [main] se creo la persona
2023-07-01 04:26:12,892 INFO C.Persona [main] se creo la persona
2023-07-01 04:26:12,892 INFO C.Persona [main] se creo la persona
2023-07-01 04:26:12,892 INFO C.Persona [main] se creo la persona
2023-07-01 04:26:31,169 INFO C.Persona [AWT-EventQueue-0] maria ha recibido este mensaje: maria : hol                                                                     

2023-07-01 04:26:31,169 INFO C.Persona [AWT-EventQueue-0] Pepe ha recibido este mensaje: maria : hol                                                                     

2023-07-01 04:26:31,169 INFO C.Persona [AWT-EventQueue-0] tito ha recibido este mensaje: maria : hol                                                                    

2023-07-01 04:26:35,744 INFO C.Persona [AWT-EventQueue-0] Pepe ha recibido este mensaje: tito : hola                                                                     

2023-07-01 04:26:35,744 INFO C.Persona [AWT-EventQueue-0] Pepe ha recibido este mensaje: tito : hola                                                                     

2023-07-01 04:26:35,744 INFO C.Persona [AWT-EventQueue-0] maria ha recibido este mensaje: tito : hola                                                                    

2023-07-01 04:26:39,819 INFO C.Persona [AWT-EventQueue-0] tito ha recibido este mensaje: Pepe : hola                                                                    

2023-07-01 04:26:39,828 INFO C.Persona [AWT-EventQueue-0] tito ha recibido este mensaje: Pepe : hola                                                                    

2023-07-01 04:26:39,830 INFO C.Persona [AWT-EventQueue-0] maria ha recibido este mensaje: Pepe : hola                                                                    

2023-07-01 04:32:10,269 INFO C.Persona [main] se creo la persona
2023-07-01 04:32:10,269 INFO C.Persona [main] se creo la persona
2023-07-01 04:32:10,269 INFO C.Persona [main] se creo la persona
2023-07-01 04:32:32,372 INFO C.Persona [AWT-EventQueue-0] maria ha recibido este mensaje: maria : hola                                                                     

2023-07-01 04:32:32,372 INFO C.Persona [AWT-EventQueue-0] Pepe ha recibido este mensaje: maria : hola                                                                     

2023-07-01 04:32:32,372 INFO C.Persona [AWT-EventQueue-0] tito ha recibido este mensaje: maria : hola                                                                    

2023-07-01 04:36:45,835 INFO C.Persona [main] se creo la persona
2023-07-01 04:36:45,835 INFO C.Persona [main] se creo la persona
2023-07-01 04:36:45,835 INFO C.Persona [main] se creo la persona
2023-07-01 04:37:14,481 INFO C.Persona [AWT-EventQueue-0] maria ha recibido este mensaje: 

2023-07-01 04:37:14,481 INFO C.Persona [AWT-EventQueue-0] maria ha recibido este mensaje: 

2023-07-01 04:39:07,820 INFO C.Persona [main] se creo la persona
2023-07-01 04:39:07,829 INFO C.Persona [main] se creo la persona
2023-07-01 04:39:07,829 INFO C.Persona [main] se creo la persona
2023-07-01 04:39:17,001 INFO C.Persona [AWT-EventQueue-0] maria ha enviado el siguiente mensaje : 

2023-07-01 04:40:55,308 INFO C.Persona [main] se creo la persona
2023-07-01 04:40:55,316 INFO C.Persona [main] se creo la persona
2023-07-01 04:40:55,316 INFO C.Persona [main] se creo la persona
2023-07-01 04:41:02,392 INFO C.Persona [AWT-EventQueue-0] maria ha enviado el siguiente mensaje : holhuh
2023-07-01 04:50:21,888 INFO C.Persona [main] se creo la persona
2023-07-01 04:50:21,896 INFO C.Persona [main] se creo la persona
2023-07-01 04:50:21,896 INFO C.Persona [main] se creo la persona
2023-07-01 04:50:47,144 INFO C.Persona [AWT-EventQueue-0] maria ha enviado el siguiente mensaje : hola chicos 
2023-07-01 05:42:09,787 INFO C.Persona [main] se creo la persona
2023-07-01 05:42:09,790 INFO C.Persona [main] se creo la persona
2023-07-01 05:42:09,790 INFO C.Persona [main] se creo la persona
2023-07-01 05:42:16,950 INFO C.Persona [AWT-EventQueue-0] maria ha enviado el siguiente mensaje : hoola
2023-07-01 05:45:08,158 INFO C.Persona [main] se creo la persona
2023-07-01 05:45:08,160 INFO C.Persona [main] se creo la persona
2023-07-01 05:45:08,161 INFO C.Persona [main] se creo la persona
2023-07-01 05:45:16,011 INFO C.Persona [AWT-EventQueue-0] maria ha enviado el siguiente mensaje : holznd cis
2023-07-01 07:25:51,586 INFO C.Persona [main] se creo la persona
2023-07-01 07:25:51,586 INFO C.Persona [main] se creo la persona
2023-07-01 07:25:51,586 INFO C.Persona [main] se creo la persona
2023-07-01 07:26:20,516 INFO C.Persona [AWT-EventQueue-0] maria ha enviado el siguiente mensaje : Hola
2023-07-01 07:52:15,396 INFO C.Persona [main] se creo la persona
2023-07-01 07:52:15,396 INFO C.Persona [main] se creo la persona
2023-07-01 07:52:15,396 INFO C.Persona [main] se creo la persona
2023-07-01 07:52:35,520 INFO C.Persona [AWT-EventQueue-0] maria ha enviado el siguiente mensaje : hola 
2023-07-01 07:58:03,696 INFO C.Persona [main] se creo la persona
2023-07-01 07:58:03,704 INFO C.Persona [main] se creo la persona
2023-07-01 07:58:03,704 INFO C.Persona [main] se creo la persona
2023-07-01 07:58:11,945 INFO C.Persona [AWT-EventQueue-0] maria ha enviado el siguiente mensaje : jose 
2023-07-01 07:58:44,849 INFO C.Persona [main] se creo la persona
2023-07-01 07:58:44,849 INFO C.Persona [main] se creo la persona
2023-07-01 07:58:44,849 INFO C.Persona [main] se creo la persona
2023-07-01 07:58:50,836 INFO C.Persona [AWT-EventQueue-0] maria ha enviado el siguiente mensaje : HOLA
